2019-03-21 19:41:52,495 INFO  [main] com.sap.jpaas.infrastructure.console.ConsoleLogger: Arguments:   -h hanatrial.ondemand.com -a p1940667919trial -u p1940667919 -i pinaki -p ********
2019-03-21 19:41:53,745 INFO  [main] com.sap.jpaas.infrastructure.console.ConsoleLogger: Starting execution of command [open-db-tunnel]
2019-03-21 19:41:53,993 INFO  [pool-2-thread-1] com.sap.jpaas.infrastructure.console.ConsoleLogger: No SDK status file for your configuration was found. Creating a new status file...
2019-03-21 19:41:56,777 ERROR [main] com.sap.jpaas.infrastructure.console.ConsoleLogger: Version validity status could not be obtained within 3 seconds. This should not affect the command's execution.
2019-03-21 19:41:57,385 INFO  [main] com.sap.jpaas.infrastructure.console.ConsoleLogger: Version validity check was not successful. This should not affect the command's execution
2019-03-21 19:41:57,385 INFO  [main] com.sap.jpaas.infrastructure.console.ConsoleLogger: Command [open-db-tunnel] init() finished for [3640] ms
2019-03-21 19:41:57,385 INFO  [main] com.sap.core.tunnelcommands.framework.executor.CommandTunnelRequestExecutor: CommandTunnelRequestExecutor.executeRequest() called for command [open-db-tunnel] (version: 1.3.0)
2019-03-21 19:42:18,432 INFO  [main] com.sap.jpaas.infrastructure.console.ConsoleLogger: Command [open-db-tunnel] cleanup() finished for [0] ms
2019-03-21 19:42:18,432 FATAL [main] com.sap.jpaas.infrastructure.console.ConsoleLogger: (!) ERROR; Could not connect to host: https://services.hanatrial.ondemand.com/services/v1/instances/p1940667919trial/persistence/v3/dbtunnel/schemaId/pinaki. Make sure your proxy settings are correct
com.sap.jpaas.infrastructure.console.exception.ValidationException
	at com.sap.core.tunnelcommands.framework.executor.HttpClientProvider.createClientWithBasicAuthentication(HttpClientProvider.java:43)
	at com.sap.core.tunnelcommands.framework.executor.HttpClientProvider.createClientWithBasicAuth(HttpClientProvider.java:33)
	at com.sap.core.tunnelcommands.framework.executor.CommandTunnelRequestExecutor.getClientWithBasicAuth(CommandTunnelRequestExecutor.java:160)
	at com.sap.core.tunnelcommands.framework.executor.CommandTunnelRequestExecutor.executeRequest(CommandTunnelRequestExecutor.java:59)
	at com.sap.core.tunnelcommands.framework.executor.CommandTunnelRequestExecutor.executeRequest(CommandTunnelRequestExecutor.java:47)
	at com.sap.core.persistence.commands.tunnel.api.CommandTunnelHandler.performOpenTunnelRequest(CommandTunnelHandler.java:263)
	at com.sap.core.persistence.commands.tunnel.api.CommandTunnelHandler.openTunnel(CommandTunnelHandler.java:133)
	at com.sap.core.persistence.commands.tunnel.OpenDbTunnelCommand.openTunnelInShellProcess(OpenDbTunnelCommand.java:197)
	at com.sap.core.persistence.commands.tunnel.OpenDbTunnelCommand.run(OpenDbTunnelCommand.java:135)
	at com.sap.jpaas.infrastructure.console.CommandManager.run(CommandManager.java:185)
	at com.sap.jpaas.infrastructure.console.CommandManager.run(CommandManager.java:146)
	at com.sap.jpaas.infrastructure.console.ConsoleClient.executeCommand(ConsoleClient.java:243)
	at com.sap.jpaas.infrastructure.console.ConsoleClient.run(ConsoleClient.java:185)
	at com.sap.jpaas.infrastructure.console.ConsoleClient.main(ConsoleClient.java:80)
Caused by: com.sap.core.utils.infrastructure.validation.HostValidationException: java.net.ConnectException: Connection timed out: connect
	at com.sap.core.utils.infrastructure.validation.LandscapeHostValidator.getHttpClient(LandscapeHostValidator.java:373)
	at com.sap.core.tunnelcommands.framework.executor.HttpClientProvider.createClientWithBasicAuthentication(HttpClientProvider.java:40)
	... 13 more
Caused by: java.net.ConnectException: Connection timed out: connect
	at java.net.DualStackPlainSocketImpl.connect0(Native Method)
	at java.net.DualStackPlainSocketImpl.socketConnect(DualStackPlainSocketImpl.java:79)
	at java.net.AbstractPlainSocketImpl.doConnect(AbstractPlainSocketImpl.java:345)
	at java.net.AbstractPlainSocketImpl.connectToAddress(AbstractPlainSocketImpl.java:206)
	at java.net.AbstractPlainSocketImpl.connect(AbstractPlainSocketImpl.java:188)
	at java.net.PlainSocketImpl.connect(PlainSocketImpl.java:172)
	at java.net.SocksSocketImpl.connect(SocksSocketImpl.java:392)
	at java.net.Socket.connect(Socket.java:589)
	at sun.security.ssl.SSLSocketImpl.connect(SSLSocketImpl.java:656)
	at org.apache.http.conn.ssl.SSLSocketFactory.connectSocket(SSLSocketFactory.java:524)
	at org.apache.http.conn.ssl.SSLSocketFactory.connectSocket(SSLSocketFactory.java:403)
	at org.apache.http.impl.conn.DefaultClientConnectionOperator.openConnection(DefaultClientConnectionOperator.java:177)
	at org.apache.http.impl.conn.AbstractPoolEntry.open(AbstractPoolEntry.java:144)
	at org.apache.http.impl.conn.AbstractPooledConnAdapter.open(AbstractPooledConnAdapter.java:131)
	at org.apache.http.impl.client.DefaultRequestDirector.tryConnect(DefaultRequestDirector.java:611)
	at org.apache.http.impl.client.DefaultRequestDirector.execute(DefaultRequestDirector.java:446)
	at org.apache.http.impl.client.AbstractHttpClient.doExecute(AbstractHttpClient.java:863)
	at org.apache.http.impl.client.CloseableHttpClient.execute(CloseableHttpClient.java:115)
	at org.apache.http.impl.client.CloseableHttpClient.execute(CloseableHttpClient.java:57)
	at com.sap.core.utils.infrastructure.validation.LandscapeHostValidator.getHttpClient(LandscapeHostValidator.java:345)
	... 14 more
