2019-03-11 20:42:28,335 INFO  [main] com.sap.jpaas.infrastructure.console.ConsoleLogger: Arguments:   -h hanatrial.ondemand.com -a p1940667919trial -u p1940667919 -i pinaki -p ********
2019-03-11 20:42:30,651 INFO  [main] com.sap.jpaas.infrastructure.console.ConsoleLogger: Starting execution of command [open-db-tunnel]
2019-03-11 20:42:31,299 INFO  [pool-2-thread-1] com.sap.jpaas.infrastructure.console.ConsoleLogger: No SDK status file for your configuration was found. Creating a new status file...
2019-03-11 20:42:33,707 ERROR [main] com.sap.jpaas.infrastructure.console.ConsoleLogger: Version validity status could not be obtained within 3 seconds. This should not affect the command's execution.
2019-03-11 20:42:34,783 INFO  [main] com.sap.jpaas.infrastructure.console.ConsoleLogger: There is no tools page available on host hanatrial.ondemand.com. The default tools page on host hana.ondemand.com will be used instead. This is expected behaviour as some hosts do not have corresponding tools pages
2019-03-11 20:42:34,787 INFO  [main] com.sap.jpaas.infrastructure.console.ConsoleLogger: Version validity check is completed
2019-03-11 20:42:34,787 INFO  [main] com.sap.jpaas.infrastructure.console.ConsoleLogger: Command [open-db-tunnel] init() finished for [4120] ms
2019-03-11 20:42:34,803 INFO  [main] com.sap.core.tunnelcommands.framework.executor.CommandTunnelRequestExecutor: CommandTunnelRequestExecutor.executeRequest() called for command [open-db-tunnel] (version: 1.3.0)
2019-03-11 20:42:42,521 INFO  [tunnel-client-2-1] com.sap.core.connectivity.tunnel.client.handshake.ClientProtocolHandshaker: Sending handshake request for tunnel: jdbc:///pinaki/t963c33eb660a4086b01b4162a7f93b6e and host connectivitytunnel.hanatrial.ondemand.com:443
2019-03-11 20:42:44,362 INFO  [tunnel-client-2-1] com.sap.core.connectivity.tunnel.core.impl.context.TunnelRegistryImpl: Registered tunnel channel [id: 0xe4079d23, L:/172.20.10.5:52403 - R:connectivitytunnel.hanatrial.ondemand.com/155.56.219.27:443] for tunnel id "jdbc:///pinaki/t963c33eb660a4086b01b4162a7f93b6e" and client id "533ac43b-9318-43c7-a6b5-878a40271e9b"
2019-03-11 20:42:44,365 INFO  [main] com.sap.core.connectivity.tunnel.client.AbstractTunnelClient: Successfully established tunnel: [id: 0xe4079d23, L:/172.20.10.5:52403 - R:connectivitytunnel.hanatrial.ondemand.com/155.56.219.27:443]
2019-03-11 20:42:46,644 INFO  [main] com.sap.core.connectivity.tunnel.core.impl.proxy.AbstractProxyServer: Started proxy server at port: 30015
2019-03-11 20:42:46,644 INFO  [main] com.sap.core.connectivity.tunnel.core.impl.proxy.AbstractProxyServer: Proxy server pool size: 20
2019-03-11 20:42:46,644 INFO  [main] com.sap.core.connectivity.tunnel.core.impl.proxy.AbstractProxyServer: Proxy server max heap per channel: 4194304
2019-03-11 20:42:46,645 INFO  [main] com.sap.core.connectivity.tunnel.core.impl.proxy.AbstractProxyServer: Proxy server max heap for all channels: 134217728
2019-03-11 21:50:46,921 ERROR [forwardingproxy-4-7] com.sap.core.connectivity.tunnel.core.handlers.AbstractErrorHandler: Input/output exception in forwarding-proxy: java.io.IOException: An existing connection was forcibly closed by the remote host
2019-03-11 21:50:46,931 ERROR [forwardingproxy-4-5] com.sap.core.connectivity.tunnel.core.handlers.AbstractErrorHandler: Input/output exception in forwarding-proxy: java.io.IOException: An existing connection was forcibly closed by the remote host
2019-03-11 21:50:46,928 ERROR [forwardingproxy-4-8] com.sap.core.connectivity.tunnel.core.handlers.AbstractErrorHandler: Input/output exception in forwarding-proxy: java.io.IOException: An existing connection was forcibly closed by the remote host
2019-03-11 21:50:46,921 ERROR [forwardingproxy-4-6] com.sap.core.connectivity.tunnel.core.handlers.AbstractErrorHandler: Input/output exception in forwarding-proxy: java.io.IOException: An existing connection was forcibly closed by the remote host
2019-03-11 23:04:53,557 ERROR [forwardingproxy-4-18] com.sap.core.connectivity.tunnel.core.handlers.AbstractErrorHandler: Input/output exception in forwarding-proxy: java.io.IOException: An existing connection was forcibly closed by the remote host
2019-03-11 23:04:53,557 ERROR [forwardingproxy-4-16] com.sap.core.connectivity.tunnel.core.handlers.AbstractErrorHandler: Input/output exception in forwarding-proxy: java.io.IOException: An existing connection was forcibly closed by the remote host
2019-03-11 23:11:31,020 ERROR [forwardingproxy-4-19] com.sap.core.connectivity.tunnel.core.handlers.AbstractErrorHandler: Input/output exception in forwarding-proxy: java.io.IOException: An existing connection was forcibly closed by the remote host
2019-03-11 23:11:31,021 ERROR [forwardingproxy-4-1] com.sap.core.connectivity.tunnel.core.handlers.AbstractErrorHandler: Input/output exception in forwarding-proxy: java.io.IOException: An existing connection was forcibly closed by the remote host
2019-03-11 23:11:31,023 ERROR [forwardingproxy-4-2] com.sap.core.connectivity.tunnel.core.handlers.AbstractErrorHandler: Input/output exception in forwarding-proxy: java.io.IOException: An existing connection was forcibly closed by the remote host
2019-03-11 23:13:05,447 ERROR [forwardingproxy-4-3] com.sap.core.connectivity.tunnel.core.handlers.AbstractErrorHandler: Input/output exception in forwarding-proxy: java.io.IOException: An existing connection was forcibly closed by the remote host
2019-03-11 23:13:05,447 ERROR [forwardingproxy-4-4] com.sap.core.connectivity.tunnel.core.handlers.AbstractErrorHandler: Input/output exception in forwarding-proxy: java.io.IOException: An existing connection was forcibly closed by the remote host
2019-03-11 23:15:37,083 ERROR [forwardingproxy-4-5] com.sap.core.connectivity.tunnel.core.handlers.AbstractErrorHandler: Input/output exception in forwarding-proxy: java.io.IOException: An existing connection was forcibly closed by the remote host
2019-03-11 23:15:37,083 ERROR [forwardingproxy-4-6] com.sap.core.connectivity.tunnel.core.handlers.AbstractErrorHandler: Input/output exception in forwarding-proxy: java.io.IOException: An existing connection was forcibly closed by the remote host
2019-03-11 23:16:49,986 ERROR [forwardingproxy-4-8] com.sap.core.connectivity.tunnel.core.handlers.AbstractErrorHandler: Input/output exception in forwarding-proxy: java.io.IOException: An existing connection was forcibly closed by the remote host
2019-03-11 23:16:49,986 ERROR [forwardingproxy-4-7] com.sap.core.connectivity.tunnel.core.handlers.AbstractErrorHandler: Input/output exception in forwarding-proxy: java.io.IOException: An existing connection was forcibly closed by the remote host
2019-03-11 23:22:31,998 ERROR [forwardingproxy-4-9] com.sap.core.connectivity.tunnel.core.handlers.AbstractErrorHandler: Input/output exception in forwarding-proxy: java.io.IOException: An existing connection was forcibly closed by the remote host
2019-03-11 23:22:31,998 ERROR [forwardingproxy-4-10] com.sap.core.connectivity.tunnel.core.handlers.AbstractErrorHandler: Input/output exception in forwarding-proxy: java.io.IOException: An existing connection was forcibly closed by the remote host
2019-03-11 23:27:10,424 ERROR [forwardingproxy-4-14] com.sap.core.connectivity.tunnel.core.handlers.AbstractErrorHandler: Input/output exception in forwarding-proxy: java.io.IOException: An existing connection was forcibly closed by the remote host
2019-03-11 23:27:10,424 ERROR [forwardingproxy-4-12] com.sap.core.connectivity.tunnel.core.handlers.AbstractErrorHandler: Input/output exception in forwarding-proxy: java.io.IOException: An existing connection was forcibly closed by the remote host
2019-03-11 23:27:10,427 ERROR [forwardingproxy-4-13] com.sap.core.connectivity.tunnel.core.handlers.AbstractErrorHandler: Input/output exception in forwarding-proxy: java.io.IOException: An existing connection was forcibly closed by the remote host
2019-03-11 23:27:10,427 ERROR [forwardingproxy-4-15] com.sap.core.connectivity.tunnel.core.handlers.AbstractErrorHandler: Input/output exception in forwarding-proxy: java.io.IOException: An existing connection was forcibly closed by the remote host
2019-03-11 23:38:44,547 ERROR [forwardingproxy-4-2] com.sap.core.connectivity.tunnel.core.handlers.AbstractErrorHandler: Input/output exception in forwarding-proxy: java.io.IOException: An existing connection was forcibly closed by the remote host
2019-03-11 23:38:44,549 ERROR [forwardingproxy-4-3] com.sap.core.connectivity.tunnel.core.handlers.AbstractErrorHandler: Input/output exception in forwarding-proxy: java.io.IOException: An existing connection was forcibly closed by the remote host
2019-03-11 23:38:44,549 ERROR [forwardingproxy-4-16] com.sap.core.connectivity.tunnel.core.handlers.AbstractErrorHandler: Input/output exception in forwarding-proxy: java.io.IOException: An existing connection was forcibly closed by the remote host
2019-03-11 23:38:44,549 ERROR [forwardingproxy-4-17] com.sap.core.connectivity.tunnel.core.handlers.AbstractErrorHandler: Input/output exception in forwarding-proxy: java.io.IOException: An existing connection was forcibly closed by the remote host
2019-03-11 23:45:40,822 ERROR [forwardingproxy-4-4] com.sap.core.connectivity.tunnel.core.handlers.AbstractErrorHandler: Input/output exception in forwarding-proxy: java.io.IOException: An existing connection was forcibly closed by the remote host
2019-03-11 23:45:40,823 ERROR [forwardingproxy-4-6] com.sap.core.connectivity.tunnel.core.handlers.AbstractErrorHandler: Input/output exception in forwarding-proxy: java.io.IOException: An existing connection was forcibly closed by the remote host
2019-03-11 23:45:40,823 ERROR [forwardingproxy-4-7] com.sap.core.connectivity.tunnel.core.handlers.AbstractErrorHandler: Input/output exception in forwarding-proxy: java.io.IOException: An existing connection was forcibly closed by the remote host
2019-03-11 23:45:40,828 ERROR [forwardingproxy-4-5] com.sap.core.connectivity.tunnel.core.handlers.AbstractErrorHandler: Input/output exception in forwarding-proxy: java.io.IOException: An existing connection was forcibly closed by the remote host
2019-03-12 00:09:18,521 ERROR [forwardingproxy-4-10] com.sap.core.connectivity.tunnel.core.handlers.AbstractErrorHandler: Input/output exception in forwarding-proxy: java.io.IOException: An existing connection was forcibly closed by the remote host
2019-03-12 00:09:18,521 ERROR [forwardingproxy-4-11] com.sap.core.connectivity.tunnel.core.handlers.AbstractErrorHandler: Input/output exception in forwarding-proxy: java.io.IOException: An existing connection was forcibly closed by the remote host
2019-03-12 00:14:31,636 ERROR [forwardingproxy-4-13] com.sap.core.connectivity.tunnel.core.handlers.AbstractErrorHandler: Input/output exception in forwarding-proxy: java.io.IOException: An existing connection was forcibly closed by the remote host
2019-03-12 00:14:31,636 ERROR [forwardingproxy-4-12] com.sap.core.connectivity.tunnel.core.handlers.AbstractErrorHandler: Input/output exception in forwarding-proxy: java.io.IOException: An existing connection was forcibly closed by the remote host
